<?xml version="1.0" encoding="UTF-8"?>
<!-- Generated by org.testng.reporters.JUnitReportReporter -->
<testsuite skipped="2" hostname="DESKTOP-8V2MK3M" name="RestAssuredTest" tests="3" failures="0" timestamp="2020-04-01T12:00:15 PDT" time="2.477" errors="0">
  <testcase name="test3" time="2.477" classname="RestAssuredTest"/>
  <system-out/>
  <testcase name="test1" classname="RestAssuredTest">
    <skipped/>
  </testcase> <!-- test1 -->
  <system-out/>
  <testcase name="test2" classname="RestAssuredTest">
    <skipped/>
  </testcase> <!-- test2 -->
  <system-out/>
</testsuite> <!-- RestAssuredTest -->
