<?xml version="1.0" encoding="UTF-8"?>
<!-- Generated by org.testng.reporters.JUnitReportReporter -->
<testsuite skipped="1" hostname="DESKTOP-AG6NOTN" name="testRunners.ApiRunner" tests="2" failures="0" timestamp="2020-04-01T11:37:47 CST" time="3.313" errors="0">
  <testcase name="runScenario" time="3.281" classname="testRunners.ApiRunner"/>
  <system-out/>
  <testcase name="runScenario" time="0.032" classname="testRunners.ApiRunner">
    <skipped/>
  </testcase> <!-- runScenario -->
  <system-out/>
</testsuite> <!-- testRunners.ApiRunner -->
