<?xml version="1.0" encoding="UTF-8"?>
<!-- Generated by org.testng.reporters.JUnitReportReporter -->
<testsuite skipped="1" hostname="DESKTOP-AG6NOTN" name="testRunners.FirstRunner" tests="1" failures="0" timestamp="2020-04-01T10:34:35 CST" time="7.360" errors="0">
  <testcase name="runScenario" time="7.360" classname="testRunners.FirstRunner">
    <skipped/>
  </testcase> <!-- runScenario -->
  <system-out/>
</testsuite> <!-- testRunners.FirstRunner -->
